Arguments: 
  /usr/local/Cellar/node/7.5.0/bin/node /usr/local/bin/yarn add vuex

PATH: 
  /Users/clementvenard/miniconda3/bin:/opt/homebrew/bin:/usr/local/bin:/usr/local/bin:/usr/bin:/bin:/usr/sbin:/sbin:/Users/clementvenard/Library/Android/sdk/tools:/Users/clementvenard/Library/Android/sdk/tools:/Users/clementvenard/Library/Android/sdk/platform-tools

Yarn version: 
  0.21.3

Node version: 
  7.5.0

Platform: 
  darwin x64

npm manifest: 
  {
    "name": "quasar-app",
    "version": "0.0.1",
    "description": "A Quasar App",
    "author": "Your Name",
    "scripts": {
      "clean": "node build/script.clean.js",
      "dev": "node build/script.dev.js",
      "build": "node build/script.build.js",
      "lint": "eslint --ext .js,.vue src"
    },
    "dependencies": {
      "babel-runtime": "^6.0.0",
      "fastclick": "^1.0.6",
      "material-design-icons": "^3.0.1",
      "moment": "^2.15.0",
      "quasar-framework": "^0.13.4",
      "roboto-fontface": "^0.7.0",
      "vue": "^2.2.2",
      "vue-router": "^2.0.0"
    },
    "devDependencies": {
      "autoprefixer": "^6.4.0",
      "babel-core": "^6.0.0",
      "babel-eslint": "^7.0.0",
      "babel-loader": "^6.0.0",
      "babel-plugin-transform-runtime": "^6.0.0",
      "babel-preset-es2015": "^6.0.0",
      "babel-preset-stage-2": "^6.0.0",
      "colors": "^1.1.2",
      "connect-history-api-fallback": "^1.1.0",
      "css-loader": "^0.26.0",
      "eslint": "^3.0.1",
      "eslint-config-standard": "^6.2.0",
      "eslint-friendly-formatter": "^2.0.5",
      "eslint-loader": "^1.3.0",
      "eslint-plugin-html": "^2.0.1",
      "eslint-plugin-promise": "^3.3.0",
      "eslint-plugin-standard": "^2.0.0",
      "eventsource-polyfill": "^0.9.6",
      "express": "^4.13.3",
      "extract-text-webpack-plugin": "^2.0.0-beta.4",
      "file-loader": "^0.10.0",
      "friendly-errors-webpack-plugin": "^1.1.3",
      "html-webpack-plugin": "^2.8.1",
      "http-proxy-middleware": "^0.17.0",
      "json-loader": "^0.5.4",
      "opn": "^4.0.2",
      "postcss-loader": "^1.0.0",
      "progress-bar-webpack-plugin": "^1.9.0",
      "shelljs": "^0.7.0",
      "stylus": "^0.54.5",
      "stylus-loader": "^2.1.1",
      "url-loader": "^0.5.7",
      "vue-loader": "11.1.4",
      "vue-style-loader": "^2.0.0",
      "vue-template-compiler": "^2.2.2",
      "webpack": "^2.2.1",
      "webpack-dev-middleware": "^1.8.4",
      "webpack-hot-middleware": "^2.17.0",
      "webpack-merge": "^4.0.0"
    }
  }

yarn manifest: 
  No manifest

Lockfile: 
  No lockfile

Trace: 
  Error: connect ETIMEDOUT 104.16.63.173:443
      at Object.exports._errnoException (util.js:1023:11)
      at exports._exceptionWithHostPort (util.js:1046:20)
      at TCPConnectWrap.afterConnect [as oncomplete] (net.js:1090:14)
